#
# There is insufficient memory for the Java Runtime Environment to continue.
# Native memory allocation (malloc) failed to allocate 2015056 bytes. Error detail: Chunk::new
# Possible reasons:
#   The system is out of physical RAM or swap space
#   This process is running with CompressedOops enabled, and the Java Heap may be blocking the growth of the native heap
# Possible solutions:
#   Reduce memory load on the system
#   Increase physical memory or swap space
#   Check if swap backing store is full
#   Decrease Java heap size (-Xmx/-Xms)
#   Decrease number of Java threads
#   Decrease Java thread stack sizes (-Xss)
#   Set larger code cache with -XX:ReservedCodeCacheSize=
#   JVM is running with Unscaled Compressed Oops mode in which the Java heap is
#     placed in the first 4GB address space. The Java Heap base address is the
#     maximum limit for the native heap growth. Please use -XX:HeapBaseMinAddress
#     to set the Java Heap base and to place the Java Heap above 4GB virtual address.
# This output file may be truncated or incomplete.
#
#  Out of Memory Error (arena.cpp:191), pid=1328, tid=13852
#
# JRE version: OpenJDK Runtime Environment Temurin-17.0.13+11 (17.0.13+11) (build 17.0.13+11)
# Java VM: OpenJDK 64-Bit Server VM Temurin-17.0.13+11 (17.0.13+11, mixed mode, tiered, compressed oops, compressed class ptrs, parallel gc, windows-amd64)
# No core dump will be written. Minidumps are not enabled by default on client versions of Windows
#

---------------  S U M M A R Y ------------

Command Line: --add-modules=ALL-SYSTEM --add-opens=java.base/java.util=ALL-UNNAMED --add-opens=java.base/java.lang=ALL-UNNAMED --add-opens=java.base/sun.nio.fs=ALL-UNNAMED -Declipse.application=org.eclipse.jdt.ls.core.id1 -Dosgi.bundles.defaultStartLevel=4 -Declipse.product=org.eclipse.jdt.ls.core.product -Djava.import.generatesMetadataFilesAtProjectRoot=false -DDetectVMInstallationsJob.disabled=true -Dfile.encoding=utf8 -XX:+UseParallelGC -XX:GCTimeRatio=4 -XX:AdaptiveSizePolicyWeight=90 -Dsun.zip.disableMemoryMapping=true -Xmx1G -Xms100m -Xlog:disable -javaagent:c:\Users\dell\.vscode\extensions\redhat.java-1.38.0-win32-x64\lombok\lombok-1.18.34.jar -XX:+HeapDumpOnOutOfMemoryError -XX:HeapDumpPath=c:\Users\dell\AppData\Roaming\Code\User\workspaceStorage\7a6381c1c0162acdf3894416cf2cf910\redhat.java -Daether.dependencyCollector.impl=bf c:\Users\dell\.vscode\extensions\redhat.java-1.38.0-win32-x64\server\plugins\org.eclipse.equinox.launcher_1.6.900.v20240613-2009.jar -configuration c:\Users\dell\AppData\Roaming\Code\User\globalStorage\redhat.java\1.38.0\config_win -data c:\Users\dell\AppData\Roaming\Code\User\workspaceStorage\7a6381c1c0162acdf3894416cf2cf910\redhat.java\jdt_ws --pipe=\\.\pipe\lsp-6bca2d5a076deb2d623026ba7f5e5335-sock

Host: Intel(R) Core(TM) i3-5005U CPU @ 2.00GHz, 4 cores, 7G,  Windows 10 , 64 bit Build 19041 (10.0.19041.5198)
Time: Sat Dec 21 10:55:22 2024 India Standard Time elapsed time: 33.931064 seconds (0d 0h 0m 33s)

---------------  T H R E A D  ---------------

Current thread (0x0000029ffbc079a0):  JavaThread "C2 CompilerThread0" daemon [_thread_in_native, id=13852, stack(0x000000c56f800000,0x000000c56f900000)]


Current CompileTask:
C2:  33931 6730   !   4       org.eclipse.jdt.internal.core.search.indexing.BinaryIndexer::indexDocument (1157 bytes)

Stack: [0x000000c56f800000,0x000000c56f900000]
Native frames: (J=compiled Java code, j=interpreted, Vv=VM code, C=native code)
V  [jvm.dll+0x682a19]
V  [jvm.dll+0x839538]
V  [jvm.dll+0x83afe3]
V  [jvm.dll+0x83b653]
V  [jvm.dll+0x24704f]
V  [jvm.dll+0xace34]
V  [jvm.dll+0xad4cc]
V  [jvm.dll+0x36592f]
V  [jvm.dll+0x32fbd8]
V  [jvm.dll+0x32f05a]
V  [jvm.dll+0x21804f]
V  [jvm.dll+0x21748f]
V  [jvm.dll+0x1a3070]
V  [jvm.dll+0x22788c]
V  [jvm.dll+0x2259eb]
V  [jvm.dll+0x7eec98]
V  [jvm.dll+0x7e8ffc]
V  [jvm.dll+0x6818f7]
C  [ucrtbase.dll+0x21bb2]
C  [KERNEL32.DLL+0x17374]
C  [ntdll.dll+0x4cc91]


---------------  P R O C E S S  ---------------

Threads class SMR info:
_java_thread_list=0x0000029f96dd6a60, length=29, elements={
0x0000029ff4e1cd10, 0x0000029ff4ed9360, 0x0000029ff4eda9d0, 0x0000029ffbbfc550,
0x0000029ffbbfd790, 0x0000029ffbc00c20, 0x0000029ffbc01130, 0x0000029ffbc079a0,
0x0000029ffbc11170, 0x0000029ffbc22200, 0x0000029ffbc043d0, 0x0000029ffbc01640,
0x0000029ffbc02060, 0x0000029ffbc02570, 0x0000029ffbc02a80, 0x0000029ffbc039b0,
0x0000029ffbc02f90, 0x0000029ffbc03ec0, 0x0000029f95293230, 0x0000029f952964d0,
0x0000029f95298d50, 0x0000029f95298330, 0x0000029f95295ab0, 0x0000029f95294b80,
0x0000029f952969e0, 0x0000029f95296ef0, 0x0000029f95295090, 0x0000029f952955a0,
0x0000029f95297400
}

Java Threads: ( => current thread )
  0x0000029ff4e1cd10 JavaThread "main" [_thread_blocked, id=2160, stack(0x000000c56ef00000,0x000000c56f000000)]
  0x0000029ff4ed9360 JavaThread "Reference Handler" daemon [_thread_blocked, id=14756, stack(0x000000c56f200000,0x000000c56f300000)]
  0x0000029ff4eda9d0 JavaThread "Finalizer" daemon [_thread_blocked, id=14532, stack(0x000000c56f300000,0x000000c56f400000)]
  0x0000029ffbbfc550 JavaThread "Signal Dispatcher" daemon [_thread_blocked, id=5012, stack(0x000000c56f400000,0x000000c56f500000)]
  0x0000029ffbbfd790 JavaThread "Attach Listener" daemon [_thread_blocked, id=12160, stack(0x000000c56f500000,0x000000c56f600000)]
  0x0000029ffbc00c20 JavaThread "Service Thread" daemon [_thread_blocked, id=5184, stack(0x000000c56f600000,0x000000c56f700000)]
  0x0000029ffbc01130 JavaThread "Monitor Deflation Thread" daemon [_thread_blocked, id=6124, stack(0x000000c56f700000,0x000000c56f800000)]
=>0x0000029ffbc079a0 JavaThread "C2 CompilerThread0" daemon [_thread_in_native, id=13852, stack(0x000000c56f800000,0x000000c56f900000)]
  0x0000029ffbc11170 JavaThread "C1 CompilerThread0" daemon [_thread_blocked, id=15820, stack(0x000000c56f900000,0x000000c56fa00000)]
  0x0000029ffbc22200 JavaThread "Sweeper thread" daemon [_thread_blocked, id=13344, stack(0x000000c56fa00000,0x000000c56fb00000)]
  0x0000029ffbc043d0 JavaThread "Common-Cleaner" daemon [_thread_blocked, id=13552, stack(0x000000c56fb00000,0x000000c56fc00000)]
  0x0000029ffbc01640 JavaThread "Notification Thread" daemon [_thread_blocked, id=7252, stack(0x000000c56fd00000,0x000000c56fe00000)]
  0x0000029ffbc02060 JavaThread "Active Thread: Equinox Container: 3c3c5d87-4542-4de8-b677-631c96eeb9bf" [_thread_blocked, id=9924, stack(0x000000c570200000,0x000000c570300000)]
  0x0000029ffbc02570 JavaThread "Refresh Thread: Equinox Container: 3c3c5d87-4542-4de8-b677-631c96eeb9bf" daemon [_thread_blocked, id=12188, stack(0x000000c570300000,0x000000c570400000)]
  0x0000029ffbc02a80 JavaThread "Framework Event Dispatcher: Equinox Container: 3c3c5d87-4542-4de8-b677-631c96eeb9bf" daemon [_thread_blocked, id=13040, stack(0x000000c570400000,0x000000c570500000)]
  0x0000029ffbc039b0 JavaThread "Start Level: Equinox Container: 3c3c5d87-4542-4de8-b677-631c96eeb9bf" daemon [_thread_blocked, id=14908, stack(0x000000c570500000,0x000000c570600000)]
  0x0000029ffbc02f90 JavaThread "Bundle File Closer" daemon [_thread_blocked, id=14244, stack(0x000000c570600000,0x000000c570700000)]
  0x0000029ffbc03ec0 JavaThread "SCR Component Actor" daemon [_thread_blocked, id=1112, stack(0x000000c56fc00000,0x000000c56fd00000)]
  0x0000029f95293230 JavaThread "Worker-JM" [_thread_blocked, id=11856, stack(0x000000c570900000,0x000000c570a00000)]
  0x0000029f952964d0 JavaThread "JNA Cleaner" daemon [_thread_blocked, id=11756, stack(0x000000c570800000,0x000000c570900000)]
  0x0000029f95298d50 JavaThread "Worker-0" [_thread_blocked, id=6688, stack(0x000000c570a00000,0x000000c570b00000)]
  0x0000029f95298330 JavaThread "Worker-1" [_thread_blocked, id=15160, stack(0x000000c570b00000,0x000000c570c00000)]
  0x0000029f95295ab0 JavaThread "Java indexing" daemon [_thread_in_Java, id=10180, stack(0x000000c570d00000,0x000000c570e00000)]
  0x0000029f95294b80 JavaThread "Worker-2" [_thread_blocked, id=2756, stack(0x000000c570e00000,0x000000c570f00000)]
  0x0000029f952969e0 JavaThread "Worker-3" [_thread_blocked, id=8396, stack(0x000000c570f00000,0x000000c571000000)]
  0x0000029f95296ef0 JavaThread "pool-2-thread-1" [_thread_blocked, id=13616, stack(0x000000c571200000,0x000000c571300000)]
  0x0000029f95295090 JavaThread "Framework stop - Equinox Container: 3c3c5d87-4542-4de8-b677-631c96eeb9bf" [_thread_blocked, id=4744, stack(0x000000c571300000,0x000000c571400000)]
  0x0000029f952955a0 JavaThread "Worker-4" [_thread_blocked, id=7920, stack(0x000000c571400000,0x000000c571500000)]
  0x0000029f95297400 JavaThread "Worker-5" [_thread_blocked, id=7212, stack(0x000000c571500000,0x000000c571600000)]

Other Threads:
  0x0000029ffbbc6740 VMThread "VM Thread" [stack: 0x000000c56f100000,0x000000c56f200000] [id=888]
  0x0000029f94469ca0 WatcherThread [stack: 0x000000c56fe00000,0x000000c56ff00000] [id=12892]
  0x0000029ff4e34020 GCTaskThread "GC Thread#0" [stack: 0x000000c56f000000,0x000000c56f100000] [id=5980]
  0x0000029f94b18ca0 GCTaskThread "GC Thread#1" [stack: 0x000000c56ff00000,0x000000c570000000] [id=10912]
  0x0000029f9462cb10 GCTaskThread "GC Thread#2" [stack: 0x000000c570000000,0x000000c570100000] [id=6184]
  0x0000029f9462cdd0 GCTaskThread "GC Thread#3" [stack: 0x000000c570100000,0x000000c570200000] [id=10624]

Threads with active compile tasks:
C2 CompilerThread0    34002 6730   !   4       org.eclipse.jdt.internal.core.search.indexing.BinaryIndexer::indexDocument (1157 bytes)

VM state: not at safepoint (normal execution)

VM Mutex/Monitor currently owned by a thread: None

Heap address: 0x00000000c0000000, size: 1024 MB, Compressed Oops mode: 32-bit

CDS archive(s) not mapped
Compressed class space mapped at: 0x0000000100000000-0x0000000140000000, reserved size: 1073741824
Narrow klass base: 0x0000000000000000, Narrow klass shift: 3, Narrow klass range: 0x140000000

GC Precious Log:
 CPUs: 4 total, 4 available
 Memory: 8103M
 Large Page Support: Disabled
 NUMA Support: Disabled
 Compressed Oops: Enabled (32-bit)
 Alignments: Space 512K, Generation 512K, Heap 2M
 Heap Min Capacity: 100M
 Heap Initial Capacity: 100M
 Heap Max Capacity: 1G
 Pre-touch: Disabled
 Parallel Workers: 4

Heap:
 PSYoungGen      total 14336K, used 7797K [0x00000000eab00000, 0x00000000ebd00000, 0x0000000100000000)
  eden space 11264K, 45% used [0x00000000eab00000,0x00000000eb00c2f0,0x00000000eb600000)
  from space 3072K, 85% used [0x00000000eba00000,0x00000000ebc91270,0x00000000ebd00000)
  to   space 3072K, 0% used [0x00000000eb600000,0x00000000eb600000,0x00000000eb900000)
 ParOldGen       total 93696K, used 87217K [0x00000000c0000000, 0x00000000c5b80000, 0x00000000eab00000)
  object space 93696K, 93% used [0x00000000c0000000,0x00000000c552c7e8,0x00000000c5b80000)
 Metaspace       used 51366K, committed 52288K, reserved 1114112K
  class space    used 5382K, committed 5760K, reserved 1048576K

Card table byte_map: [0x0000029ff94c0000,0x0000029ff96d0000] _byte_map_base: 0x0000029ff8ec0000

Marking Bits: (ParMarkBitMap*) 0x00007ffae8f26940
 Begin Bits: [0x0000029ff9830000, 0x0000029ffa830000)
 End Bits:   [0x0000029ffa830000, 0x0000029ffb830000)

Polling page: 0x0000029ff4bf0000

Metaspace:

Usage:
  Non-class:     44.91 MB used.
      Class:      5.26 MB used.
       Both:     50.16 MB used.

Virtual space:
  Non-class space:       64.00 MB reserved,      45.44 MB ( 71%) committed,  1 nodes.
      Class space:        1.00 GB reserved,       5.62 MB ( <1%) committed,  1 nodes.
             Both:        1.06 GB reserved,      51.06 MB (  5%) committed. 

Chunk freelists:
   Non-Class:  1.95 MB
       Class:  10.35 MB
        Both:  12.30 MB

MaxMetaspaceSize: unlimited
CompressedClassSpaceSize: 1.00 GB
Initial GC threshold: 21.00 MB
Current GC threshold: 84.94 MB
CDS: off
MetaspaceReclaimPolicy: balanced
 - commit_granule_bytes: 65536.
 - commit_granule_words: 8192.
 - virtual_space_node_default_size: 8388608.
 - enlarge_chunks_in_place: 1.
 - new_chunks_are_fully_committed: 0.
 - uncommit_free_chunks: 1.
 - use_allocation_guard: 0.
 - handle_deallocations: 1.


Internal statistics:

num_allocs_failed_limit: 6.
num_arena_births: 576.
num_arena_deaths: 18.
num_vsnodes_births: 2.
num_vsnodes_deaths: 0.
num_space_committed: 817.
num_space_uncommitted: 0.
num_chunks_returned_to_freelist: 32.
num_chunks_taken_from_freelist: 2473.
num_chunk_merges: 12.
num_chunk_splits: 1570.
num_chunks_enlarged: 989.
num_inconsistent_stats: 0.

CodeHeap 'non-profiled nmethods': size=120000Kb used=4354Kb max_used=4354Kb free=115645Kb
 bounds [0x0000029f87ad0000, 0x0000029f87f20000, 0x0000029f8f000000]
CodeHeap 'profiled nmethods': size=120000Kb used=12121Kb max_used=12121Kb free=107878Kb
 bounds [0x0000029f80000000, 0x0000029f80be0000, 0x0000029f87530000]
CodeHeap 'non-nmethods': size=5760Kb used=1300Kb max_used=1349Kb free=4460Kb
 bounds [0x0000029f87530000, 0x0000029f877a0000, 0x0000029f87ad0000]
 total_blobs=6561 nmethods=5937 adapters=536
 compilation: enabled
              stopped_count=0, restarted_count=0
 full_count=0

Compilation events (20 events):
Event: 33.621 Thread 0x0000029ffbc11170 6809       2       java.util.Collections$EmptyMap::equals (25 bytes)
Event: 33.621 Thread 0x0000029ffbc11170 nmethod 6809 0x0000029f80bd3810 code [0x0000029f80bd39c0, 0x0000029f80bd3ba8]
Event: 33.622 Thread 0x0000029ffbc11170 6810       2       java.util.Collections$SingletonList::hashCode (11 bytes)
Event: 33.622 Thread 0x0000029ffbc11170 nmethod 6810 0x0000029f80bd3c90 code [0x0000029f80bd3e20, 0x0000029f80bd3f68]
Event: 33.623 Thread 0x0000029ffbc11170 6813       2       java.util.RegularEnumSet$EnumSetIterator::hasNext (15 bytes)
Event: 33.624 Thread 0x0000029ffbc11170 nmethod 6813 0x0000029f80bd4010 code [0x0000029f80bd41a0, 0x0000029f80bd42b8]
Event: 33.627 Thread 0x0000029ffbc11170 6814       3       org.eclipse.osgi.container.ModuleDatabase$Persistence::writeGenericInfo (73 bytes)
Event: 33.627 Thread 0x0000029ffbc11170 nmethod 6814 0x0000029f80bd4390 code [0x0000029f80bd45a0, 0x0000029f80bd4c38]
Event: 33.630 Thread 0x0000029ffbc11170 6816       2       org.eclipse.osgi.container.ModuleDatabase$Persistence::writeModule (343 bytes)
Event: 33.633 Thread 0x0000029ffbc11170 nmethod 6816 0x0000029f80bd4e90 code [0x0000029f80bd5220, 0x0000029f80bd5d38]
Event: 33.640 Thread 0x0000029ffbc11170 6817       2       org.eclipse.osgi.container.ModuleDatabase$Persistence::writeWire (147 bytes)
Event: 33.641 Thread 0x0000029ffbc11170 nmethod 6817 0x0000029f80bd6690 code [0x0000029f80bd68c0, 0x0000029f80bd6d68]
Event: 33.649 Thread 0x0000029ffbc11170 6818       2       org.eclipse.osgi.container.ModuleWiring::getPersistentWires (99 bytes)
Event: 33.650 Thread 0x0000029ffbc11170 nmethod 6818 0x0000029f80bd7190 code [0x0000029f80bd73a0, 0x0000029f80bd77d8]
Event: 33.652 Thread 0x0000029ffbc11170 6819       2       org.eclipse.osgi.container.ModuleWiring::getModuleCapabilities (18 bytes)
Event: 33.652 Thread 0x0000029ffbc11170 nmethod 6819 0x0000029f80bd7b10 code [0x0000029f80bd7cc0, 0x0000029f80bd7ea8]
Event: 33.657 Thread 0x0000029ffbc11170 6820       2       org.eclipse.osgi.container.ModuleDatabase$Persistence::writeWiring (453 bytes)
Event: 33.659 Thread 0x0000029ffbc11170 nmethod 6820 0x0000029f80bd7f90 code [0x0000029f80bd8400, 0x0000029f80bd95a8]
Event: 33.720 Thread 0x0000029ffbc11170 6821       1       sun.util.calendar.CalendarDate::isNormalized (5 bytes)
Event: 33.720 Thread 0x0000029ffbc11170 nmethod 6821 0x0000029f87f10790 code [0x0000029f87f10920, 0x0000029f87f109f8]

GC Heap History (20 events):
Event: 30.434 GC heap before
{Heap before GC invocations=33 (full 3):
 PSYoungGen      total 16384K, used 16375K [0x00000000eab00000, 0x00000000ec980000, 0x0000000100000000)
  eden space 12800K, 100% used [0x00000000eab00000,0x00000000eb780000,0x00000000eb780000)
  from space 3584K, 99% used [0x00000000ebf00000,0x00000000ec27de40,0x00000000ec280000)
  to   space 7680K, 0% used [0x00000000eb780000,0x00000000eb780000,0x00000000ebf00000)
 ParOldGen       total 68608K, used 66346K [0x00000000c0000000, 0x00000000c4300000, 0x00000000eab00000)
  object space 68608K, 96% used [0x00000000c0000000,0x00000000c40caa70,0x00000000c4300000)
 Metaspace       used 51198K, committed 52160K, reserved 1114112K
  class space    used 5400K, committed 5760K, reserved 1048576K
}
Event: 30.663 GC heap after
{Heap after GC invocations=33 (full 3):
 PSYoungGen      total 20480K, used 0K [0x00000000eab00000, 0x00000000ec680000, 0x0000000100000000)
  eden space 12800K, 0% used [0x00000000eab00000,0x00000000eab00000,0x00000000eb780000)
  from space 7680K, 0% used [0x00000000eb780000,0x00000000eb780000,0x00000000ebf00000)
  to   space 7680K, 0% used [0x00000000ebf00000,0x00000000ebf00000,0x00000000ec680000)
 ParOldGen       total 93696K, used 64781K [0x00000000c0000000, 0x00000000c5b80000, 0x00000000eab00000)
  object space 93696K, 69% used [0x00000000c0000000,0x00000000c3f435a8,0x00000000c5b80000)
 Metaspace       used 51153K, committed 52160K, reserved 1114112K
  class space    used 5371K, committed 5760K, reserved 1048576K
}
Event: 31.091 GC heap before
{Heap before GC invocations=34 (full 3):
 PSYoungGen      total 20480K, used 12800K [0x00000000eab00000, 0x00000000ec680000, 0x0000000100000000)
  eden space 12800K, 100% used [0x00000000eab00000,0x00000000eb780000,0x00000000eb780000)
  from space 7680K, 0% used [0x00000000eb780000,0x00000000eb780000,0x00000000ebf00000)
  to   space 7680K, 0% used [0x00000000ebf00000,0x00000000ebf00000,0x00000000ec680000)
 ParOldGen       total 93696K, used 64781K [0x00000000c0000000, 0x00000000c5b80000, 0x00000000eab00000)
  object space 93696K, 69% used [0x00000000c0000000,0x00000000c3f435a8,0x00000000c5b80000)
 Metaspace       used 51153K, committed 52160K, reserved 1114112K
  class space    used 5371K, committed 5760K, reserved 1048576K
}
Event: 31.094 GC heap after
{Heap after GC invocations=34 (full 3):
 PSYoungGen      total 15872K, used 3022K [0x00000000eab00000, 0x00000000ec200000, 0x0000000100000000)
  eden space 12800K, 0% used [0x00000000eab00000,0x00000000eab00000,0x00000000eb780000)
  from space 3072K, 98% used [0x00000000ebf00000,0x00000000ec1f3af8,0x00000000ec200000)
  to   space 4608K, 0% used [0x00000000eb900000,0x00000000eb900000,0x00000000ebd80000)
 ParOldGen       total 93696K, used 64781K [0x00000000c0000000, 0x00000000c5b80000, 0x00000000eab00000)
  object space 93696K, 69% used [0x00000000c0000000,0x00000000c3f435a8,0x00000000c5b80000)
 Metaspace       used 51153K, committed 52160K, reserved 1114112K
  class space    used 5371K, committed 5760K, reserved 1048576K
}
Event: 31.214 GC heap before
{Heap before GC invocations=35 (full 3):
 PSYoungGen      total 15872K, used 15822K [0x00000000eab00000, 0x00000000ec200000, 0x0000000100000000)
  eden space 12800K, 100% used [0x00000000eab00000,0x00000000eb780000,0x00000000eb780000)
  from space 3072K, 98% used [0x00000000ebf00000,0x00000000ec1f3af8,0x00000000ec200000)
  to   space 4608K, 0% used [0x00000000eb900000,0x00000000eb900000,0x00000000ebd80000)
 ParOldGen       total 93696K, used 64781K [0x00000000c0000000, 0x00000000c5b80000, 0x00000000eab00000)
  object space 93696K, 69% used [0x00000000c0000000,0x00000000c3f435a8,0x00000000c5b80000)
 Metaspace       used 51153K, committed 52160K, reserved 1114112K
  class space    used 5371K, committed 5760K, reserved 1048576K
}
Event: 31.219 GC heap after
{Heap after GC invocations=35 (full 3):
 PSYoungGen      total 15872K, used 2970K [0x00000000eab00000, 0x00000000ebf80000, 0x0000000100000000)
  eden space 12800K, 0% used [0x00000000eab00000,0x00000000eab00000,0x00000000eb780000)
  from space 3072K, 96% used [0x00000000eb900000,0x00000000ebbe6a58,0x00000000ebc00000)
  to   space 3584K, 0% used [0x00000000ebc00000,0x00000000ebc00000,0x00000000ebf80000)
 ParOldGen       total 93696K, used 67669K [0x00000000c0000000, 0x00000000c5b80000, 0x00000000eab00000)
  object space 93696K, 72% used [0x00000000c0000000,0x00000000c4215680,0x00000000c5b80000)
 Metaspace       used 51153K, committed 52160K, reserved 1114112K
  class space    used 5371K, committed 5760K, reserved 1048576K
}
Event: 31.429 GC heap before
{Heap before GC invocations=36 (full 3):
 PSYoungGen      total 15872K, used 15770K [0x00000000eab00000, 0x00000000ebf80000, 0x0000000100000000)
  eden space 12800K, 100% used [0x00000000eab00000,0x00000000eb780000,0x00000000eb780000)
  from space 3072K, 96% used [0x00000000eb900000,0x00000000ebbe6a58,0x00000000ebc00000)
  to   space 3584K, 0% used [0x00000000ebc00000,0x00000000ebc00000,0x00000000ebf80000)
 ParOldGen       total 93696K, used 67669K [0x00000000c0000000, 0x00000000c5b80000, 0x00000000eab00000)
  object space 93696K, 72% used [0x00000000c0000000,0x00000000c4215680,0x00000000c5b80000)
 Metaspace       used 51153K, committed 52160K, reserved 1114112K
  class space    used 5371K, committed 5760K, reserved 1048576K
}
Event: 31.434 GC heap after
{Heap after GC invocations=36 (full 3):
 PSYoungGen      total 15872K, used 2947K [0x00000000eab00000, 0x00000000ebf00000, 0x0000000100000000)
  eden space 12800K, 0% used [0x00000000eab00000,0x00000000eab00000,0x00000000eb780000)
  from space 3072K, 95% used [0x00000000ebc00000,0x00000000ebee0cc8,0x00000000ebf00000)
  to   space 3072K, 0% used [0x00000000eb900000,0x00000000eb900000,0x00000000ebc00000)
 ParOldGen       total 93696K, used 70509K [0x00000000c0000000, 0x00000000c5b80000, 0x00000000eab00000)
  object space 93696K, 75% used [0x00000000c0000000,0x00000000c44db480,0x00000000c5b80000)
 Metaspace       used 51153K, committed 52160K, reserved 1114112K
  class space    used 5371K, committed 5760K, reserved 1048576K
}
Event: 31.540 GC heap before
{Heap before GC invocations=37 (full 3):
 PSYoungGen      total 15872K, used 15747K [0x00000000eab00000, 0x00000000ebf00000, 0x0000000100000000)
  eden space 12800K, 100% used [0x00000000eab00000,0x00000000eb780000,0x00000000eb780000)
  from space 3072K, 95% used [0x00000000ebc00000,0x00000000ebee0cc8,0x00000000ebf00000)
  to   space 3072K, 0% used [0x00000000eb900000,0x00000000eb900000,0x00000000ebc00000)
 ParOldGen       total 93696K, used 70509K [0x00000000c0000000, 0x00000000c5b80000, 0x00000000eab00000)
  object space 93696K, 75% used [0x00000000c0000000,0x00000000c44db480,0x00000000c5b80000)
 Metaspace       used 51153K, committed 52160K, reserved 1114112K
  class space    used 5371K, committed 5760K, reserved 1048576K
}
Event: 31.545 GC heap after
{Heap after GC invocations=37 (full 3):
 PSYoungGen      total 15872K, used 3046K [0x00000000eab00000, 0x00000000ec480000, 0x0000000100000000)
  eden space 12800K, 0% used [0x00000000eab00000,0x00000000eab00000,0x00000000eb780000)
  from space 3072K, 99% used [0x00000000eb900000,0x00000000ebbf9970,0x00000000ebc00000)
  to   space 6656K, 0% used [0x00000000ebe00000,0x00000000ebe00000,0x00000000ec480000)
 ParOldGen       total 93696K, used 73413K [0x00000000c0000000, 0x00000000c5b80000, 0x00000000eab00000)
  object space 93696K, 78% used [0x00000000c0000000,0x00000000c47b1730,0x00000000c5b80000)
 Metaspace       used 51153K, committed 52160K, reserved 1114112K
  class space    used 5371K, committed 5760K, reserved 1048576K
}
Event: 32.064 GC heap before
{Heap before GC invocations=38 (full 3):
 PSYoungGen      total 15872K, used 15846K [0x00000000eab00000, 0x00000000ec480000, 0x0000000100000000)
  eden space 12800K, 100% used [0x00000000eab00000,0x00000000eb780000,0x00000000eb780000)
  from space 3072K, 99% used [0x00000000eb900000,0x00000000ebbf9970,0x00000000ebc00000)
  to   space 6656K, 0% used [0x00000000ebe00000,0x00000000ebe00000,0x00000000ec480000)
 ParOldGen       total 93696K, used 73413K [0x00000000c0000000, 0x00000000c5b80000, 0x00000000eab00000)
  object space 93696K, 78% used [0x00000000c0000000,0x00000000c47b1730,0x00000000c5b80000)
 Metaspace       used 51153K, committed 52160K, reserved 1114112K
  class space    used 5371K, committed 5760K, reserved 1048576K
}
Event: 32.069 GC heap after
{Heap after GC invocations=38 (full 3):
 PSYoungGen      total 15872K, used 2934K [0x00000000eab00000, 0x00000000ec100000, 0x0000000100000000)
  eden space 12800K, 0% used [0x00000000eab00000,0x00000000eab00000,0x00000000eb780000)
  from space 3072K, 95% used [0x00000000ebe00000,0x00000000ec0dd990,0x00000000ec100000)
  to   space 4096K, 0% used [0x00000000eb900000,0x00000000eb900000,0x00000000ebd00000)
 ParOldGen       total 93696K, used 76418K [0x00000000c0000000, 0x00000000c5b80000, 0x00000000eab00000)
  object space 93696K, 81% used [0x00000000c0000000,0x00000000c4aa08a8,0x00000000c5b80000)
 Metaspace       used 51153K, committed 52160K, reserved 1114112K
  class space    used 5371K, committed 5760K, reserved 1048576K
}
Event: 33.048 GC heap before
{Heap before GC invocations=39 (full 3):
 PSYoungGen      total 15872K, used 15734K [0x00000000eab00000, 0x00000000ec100000, 0x0000000100000000)
  eden space 12800K, 100% used [0x00000000eab00000,0x00000000eb780000,0x00000000eb780000)
  from space 3072K, 95% used [0x00000000ebe00000,0x00000000ec0dd990,0x00000000ec100000)
  to   space 4096K, 0% used [0x00000000eb900000,0x00000000eb900000,0x00000000ebd00000)
 ParOldGen       total 93696K, used 76418K [0x00000000c0000000, 0x00000000c5b80000, 0x00000000eab00000)
  object space 93696K, 81% used [0x00000000c0000000,0x00000000c4aa08a8,0x00000000c5b80000)
 Metaspace       used 51153K, committed 52160K, reserved 1114112K
  class space    used 5371K, committed 5760K, reserved 1048576K
}
Event: 33.056 GC heap after
{Heap after GC invocations=39 (full 3):
 PSYoungGen      total 15872K, used 2719K [0x00000000eab00000, 0x00000000ebe80000, 0x0000000100000000)
  eden space 12800K, 0% used [0x00000000eab00000,0x00000000eab00000,0x00000000eb780000)
  from space 3072K, 88% used [0x00000000eb900000,0x00000000ebba7e08,0x00000000ebc00000)
  to   space 2560K, 0% used [0x00000000ebc00000,0x00000000ebc00000,0x00000000ebe80000)
 ParOldGen       total 93696K, used 79236K [0x00000000c0000000, 0x00000000c5b80000, 0x00000000eab00000)
  object space 93696K, 84% used [0x00000000c0000000,0x00000000c4d61080,0x00000000c5b80000)
 Metaspace       used 51153K, committed 52160K, reserved 1114112K
  class space    used 5371K, committed 5760K, reserved 1048576K
}
Event: 33.185 GC heap before
{Heap before GC invocations=40 (full 3):
 PSYoungGen      total 15872K, used 15519K [0x00000000eab00000, 0x00000000ebe80000, 0x0000000100000000)
  eden space 12800K, 100% used [0x00000000eab00000,0x00000000eb780000,0x00000000eb780000)
  from space 3072K, 88% used [0x00000000eb900000,0x00000000ebba7e08,0x00000000ebc00000)
  to   space 2560K, 0% used [0x00000000ebc00000,0x00000000ebc00000,0x00000000ebe80000)
 ParOldGen       total 93696K, used 79236K [0x00000000c0000000, 0x00000000c5b80000, 0x00000000eab00000)
  object space 93696K, 84% used [0x00000000c0000000,0x00000000c4d61080,0x00000000c5b80000)
 Metaspace       used 51153K, committed 52160K, reserved 1114112K
  class space    used 5371K, committed 5760K, reserved 1048576K
}
Event: 33.191 GC heap after
{Heap after GC invocations=40 (full 3):
 PSYoungGen      total 13824K, used 2541K [0x00000000eab00000, 0x00000000ec380000, 0x0000000100000000)
  eden space 11264K, 0% used [0x00000000eab00000,0x00000000eab00000,0x00000000eb600000)
  from space 2560K, 99% used [0x00000000ebc00000,0x00000000ebe7b4e0,0x00000000ebe80000)
  to   space 6144K, 0% used [0x00000000eb600000,0x00000000eb600000,0x00000000ebc00000)
 ParOldGen       total 93696K, used 82137K [0x00000000c0000000, 0x00000000c5b80000, 0x00000000eab00000)
  object space 93696K, 87% used [0x00000000c0000000,0x00000000c5036410,0x00000000c5b80000)
 Metaspace       used 51153K, committed 52160K, reserved 1114112K
  class space    used 5371K, committed 5760K, reserved 1048576K
}
Event: 33.262 GC heap before
{Heap before GC invocations=41 (full 3):
 PSYoungGen      total 13824K, used 13805K [0x00000000eab00000, 0x00000000ec380000, 0x0000000100000000)
  eden space 11264K, 100% used [0x00000000eab00000,0x00000000eb600000,0x00000000eb600000)
  from space 2560K, 99% used [0x00000000ebc00000,0x00000000ebe7b4e0,0x00000000ebe80000)
  to   space 6144K, 0% used [0x00000000eb600000,0x00000000eb600000,0x00000000ebc00000)
 ParOldGen       total 93696K, used 82137K [0x00000000c0000000, 0x00000000c5b80000, 0x00000000eab00000)
  object space 93696K, 87% used [0x00000000c0000000,0x00000000c5036410,0x00000000c5b80000)
 Metaspace       used 51153K, committed 52160K, reserved 1114112K
  class space    used 5371K, committed 5760K, reserved 1048576K
}
Event: 33.267 GC heap after
{Heap after GC invocations=41 (full 3):
 PSYoungGen      total 14336K, used 2696K [0x00000000eab00000, 0x00000000ebe00000, 0x0000000100000000)
  eden space 11264K, 0% used [0x00000000eab00000,0x00000000eab00000,0x00000000eb600000)
  from space 3072K, 87% used [0x00000000eb600000,0x00000000eb8a2180,0x00000000eb900000)
  to   space 4096K, 0% used [0x00000000eba00000,0x00000000eba00000,0x00000000ebe00000)
 ParOldGen       total 93696K, used 84631K [0x00000000c0000000, 0x00000000c5b80000, 0x00000000eab00000)
  object space 93696K, 90% used [0x00000000c0000000,0x00000000c52a5c68,0x00000000c5b80000)
 Metaspace       used 51153K, committed 52160K, reserved 1114112K
  class space    used 5371K, committed 5760K, reserved 1048576K
}
Event: 33.472 GC heap before
{Heap before GC invocations=42 (full 3):
 PSYoungGen      total 14336K, used 13960K [0x00000000eab00000, 0x00000000ebe00000, 0x0000000100000000)
  eden space 11264K, 100% used [0x00000000eab00000,0x00000000eb600000,0x00000000eb600000)
  from space 3072K, 87% used [0x00000000eb600000,0x00000000eb8a2180,0x00000000eb900000)
  to   space 4096K, 0% used [0x00000000eba00000,0x00000000eba00000,0x00000000ebe00000)
 ParOldGen       total 93696K, used 84631K [0x00000000c0000000, 0x00000000c5b80000, 0x00000000eab00000)
  object space 93696K, 90% used [0x00000000c0000000,0x00000000c52a5c68,0x00000000c5b80000)
 Metaspace       used 51160K, committed 52160K, reserved 1114112K
  class space    used 5371K, committed 5760K, reserved 1048576K
}
Event: 33.477 GC heap after
{Heap after GC invocations=42 (full 3):
 PSYoungGen      total 14336K, used 2628K [0x00000000eab00000, 0x00000000ebd00000, 0x0000000100000000)
  eden space 11264K, 0% used [0x00000000eab00000,0x00000000eab00000,0x00000000eb600000)
  from space 3072K, 85% used [0x00000000eba00000,0x00000000ebc91270,0x00000000ebd00000)
  to   space 3072K, 0% used [0x00000000eb600000,0x00000000eb600000,0x00000000eb900000)
 ParOldGen       total 93696K, used 87217K [0x00000000c0000000, 0x00000000c5b80000, 0x00000000eab00000)
  object space 93696K, 93% used [0x00000000c0000000,0x00000000c552c7e8,0x00000000c5b80000)
 Metaspace       used 51160K, committed 52160K, reserved 1114112K
  class space    used 5371K, committed 5760K, reserved 1048576K
}

Dll operation events (10 events):
Event: 0.013 Loaded shared library c:\Users\dell\.vscode\extensions\redhat.java-1.38.0-win32-x64\jre\17.0.13-win32-x86_64\bin\java.dll
Event: 0.236 Loaded shared library c:\Users\dell\.vscode\extensions\redhat.java-1.38.0-win32-x64\jre\17.0.13-win32-x86_64\bin\zip.dll
Event: 0.240 Loaded shared library C:\Users\dell\.vscode\extensions\redhat.java-1.38.0-win32-x64\jre\17.0.13-win32-x86_64\bin\instrument.dll
Event: 0.259 Loaded shared library C:\Users\dell\.vscode\extensions\redhat.java-1.38.0-win32-x64\jre\17.0.13-win32-x86_64\bin\net.dll
Event: 0.262 Loaded shared library C:\Users\dell\.vscode\extensions\redhat.java-1.38.0-win32-x64\jre\17.0.13-win32-x86_64\bin\nio.dll
Event: 0.309 Loaded shared library C:\Users\dell\.vscode\extensions\redhat.java-1.38.0-win32-x64\jre\17.0.13-win32-x86_64\bin\zip.dll
Event: 0.330 Loaded shared library C:\Users\dell\.vscode\extensions\redhat.java-1.38.0-win32-x64\jre\17.0.13-win32-x86_64\bin\jimage.dll
Event: 0.544 Loaded shared library c:\Users\dell\.vscode\extensions\redhat.java-1.38.0-win32-x64\jre\17.0.13-win32-x86_64\bin\verify.dll
Event: 3.834 Loaded shared library C:\Users\dell\AppData\Roaming\Code\User\globalStorage\redhat.java\1.38.0\config_win\org.eclipse.equinox.launcher\org.eclipse.equinox.launcher.win32.win32.x86_64_1.2.1100.v20240722-2106\eclipse_11904.dll
Event: 6.679 Loaded shared library C:\Users\dell\AppData\Local\Temp\jna-3079617\jna8777783239296891245.dll

Deoptimization events (20 events):
Event: 33.483 Thread 0x0000029ffbc02060 Uncommon trap: trap_request=0xffffffde fr.pc=0x0000029f87d588a8 relative=0x0000000000000208
Event: 33.483 Thread 0x0000029ffbc02060 Uncommon trap: reason=class_check action=maybe_recompile pc=0x0000029f87d588a8 method=java.util.ArrayList.hashCodeRange(II)I @ 53 c2
Event: 33.483 Thread 0x0000029ffbc02060 DEOPT PACKING pc=0x0000029f87d588a8 sp=0x000000c5702fead0
Event: 33.483 Thread 0x0000029ffbc02060 DEOPT UNPACKING pc=0x0000029f875866a3 sp=0x000000c5702fe9e8 mode 2
Event: 33.483 Thread 0x0000029ffbc02060 Uncommon trap: trap_request=0xffffffde fr.pc=0x0000029f87d588a8 relative=0x0000000000000208
Event: 33.483 Thread 0x0000029ffbc02060 Uncommon trap: reason=class_check action=maybe_recompile pc=0x0000029f87d588a8 method=java.util.ArrayList.hashCodeRange(II)I @ 53 c2
Event: 33.483 Thread 0x0000029ffbc02060 DEOPT PACKING pc=0x0000029f87d588a8 sp=0x000000c5702fead0
Event: 33.483 Thread 0x0000029ffbc02060 DEOPT UNPACKING pc=0x0000029f875866a3 sp=0x000000c5702fe9e8 mode 2
Event: 33.483 Thread 0x0000029ffbc02060 Uncommon trap: trap_request=0xffffffde fr.pc=0x0000029f87cfadf4 relative=0x00000000000001d4
Event: 33.483 Thread 0x0000029ffbc02060 Uncommon trap: reason=class_check action=maybe_recompile pc=0x0000029f87cfadf4 method=java.util.ArrayList.hashCodeRange(II)I @ 53 c2
Event: 33.483 Thread 0x0000029ffbc02060 DEOPT PACKING pc=0x0000029f87cfadf4 sp=0x000000c5702fea60
Event: 33.483 Thread 0x0000029ffbc02060 DEOPT UNPACKING pc=0x0000029f875866a3 sp=0x000000c5702fe9e8 mode 2
Event: 33.546 Thread 0x0000029ffbc02060 Uncommon trap: trap_request=0xffffff45 fr.pc=0x0000029f87b54b94 relative=0x0000000000000254
Event: 33.546 Thread 0x0000029ffbc02060 Uncommon trap: reason=unstable_if action=reinterpret pc=0x0000029f87b54b94 method=java.util.HashMap.getNode(Ljava/lang/Object;)Ljava/util/HashMap$Node; @ 66 c2
Event: 33.546 Thread 0x0000029ffbc02060 DEOPT PACKING pc=0x0000029f87b54b94 sp=0x000000c5702fedb0
Event: 33.546 Thread 0x0000029ffbc02060 DEOPT UNPACKING pc=0x0000029f875866a3 sp=0x000000c5702fecd0 mode 2
Event: 33.546 Thread 0x0000029ffbc02060 Uncommon trap: trap_request=0xffffff45 fr.pc=0x0000029f87b53b98 relative=0x0000000000000258
Event: 33.546 Thread 0x0000029ffbc02060 Uncommon trap: reason=unstable_if action=reinterpret pc=0x0000029f87b53b98 method=java.util.HashMap.getNode(Ljava/lang/Object;)Ljava/util/HashMap$Node; @ 66 c2
Event: 33.546 Thread 0x0000029ffbc02060 DEOPT PACKING pc=0x0000029f87b53b98 sp=0x000000c5702fecd0
Event: 33.546 Thread 0x0000029ffbc02060 DEOPT UNPACKING pc=0x0000029f875866a3 sp=0x000000c5702fec60 mode 2

Classes loaded (20 events):
Event: 33.726 Loading class sun/util/locale/provider/TimeZoneNameProviderImpl done
Event: 33.726 Loading class sun/util/cldr/CLDRTimeZoneNameProviderImpl done
Event: 33.727 Loading class sun/util/locale/provider/BaseLocaleDataMetaInfo
Event: 33.727 Loading class sun/util/locale/provider/BaseLocaleDataMetaInfo done
Event: 33.730 Loading class sun/util/resources/cldr/TimeZoneNames
Event: 33.733 Loading class sun/util/resources/TimeZoneNamesBundle
Event: 33.733 Loading class sun/util/resources/OpenListResourceBundle
Event: 33.737 Loading class sun/util/resources/OpenListResourceBundle done
Event: 33.737 Loading class sun/util/resources/TimeZoneNamesBundle done
Event: 33.737 Loading class sun/util/resources/cldr/TimeZoneNames done
Event: 33.737 Loading class sun/util/resources/cldr/TimeZoneNames_en
Event: 33.739 Loading class sun/util/resources/cldr/TimeZoneNames_en done
Event: 33.740 Loading class sun/util/resources/cldr/TimeZoneNames_en_US
Event: 33.740 Loading class sun/util/resources/cldr/TimeZoneNames_en_US done
Event: 33.742 Loading class sun/util/cldr/CLDRBaseLocaleDataMetaInfo$TZCanonicalIDMapHolder
Event: 33.748 Loading class sun/util/cldr/CLDRBaseLocaleDataMetaInfo$TZCanonicalIDMapHolder done
Event: 33.752 Loading class sun/util/resources/TimeZoneNames
Event: 33.754 Loading class sun/util/resources/TimeZoneNames done
Event: 33.754 Loading class sun/util/resources/TimeZoneNames_en
Event: 33.755 Loading class sun/util/resources/TimeZoneNames_en done

Classes unloaded (20 events):
Event: 30.477 Thread 0x0000029ffbbc6740 Unloading class 0x00000001004edb08 'org/apache/maven/artifact/handler/DefaultArtifactHandler$__sisu12'
Event: 30.477 Thread 0x0000029ffbbc6740 Unloading class 0x00000001004ed858 'org/apache/maven/artifact/handler/DefaultArtifactHandler$__sisu16'
Event: 30.477 Thread 0x0000029ffbbc6740 Unloading class 0x00000001004ed1e0 'org/apache/maven/wagon/providers/http/HttpWagon$__sisu20'
Event: 30.477 Thread 0x0000029ffbbc6740 Unloading class 0x00000001004ecf98 'org/apache/maven/lifecycle/mapping/DefaultLifecycleMapping$__sisu4'
Event: 30.477 Thread 0x0000029ffbbc6740 Unloading class 0x00000001004ecd70 'org/apache/maven/lifecycle/Lifecycle$__sisu7'
Event: 30.478 Thread 0x0000029ffbbc6740 Unloading class 0x00000001004ecac0 'org/apache/maven/artifact/handler/DefaultArtifactHandler$__sisu19'
Event: 30.478 Thread 0x0000029ffbbc6740 Unloading class 0x00000001004ec810 'org/apache/maven/artifact/handler/DefaultArtifactHandler$__sisu10'
Event: 30.478 Thread 0x0000029ffbbc6740 Unloading class 0x00000001004ec560 'org/apache/maven/artifact/handler/DefaultArtifactHandler$__sisu17'
Event: 30.478 Thread 0x0000029ffbbc6740 Unloading class 0x00000001004ec2b0 'org/apache/maven/artifact/handler/DefaultArtifactHandler$__sisu13'
Event: 30.478 Thread 0x0000029ffbbc6740 Unloading class 0x00000001004ec000 'org/apache/maven/artifact/handler/DefaultArtifactHandler$__sisu15'
Event: 30.478 Thread 0x0000029ffbbc6740 Unloading class 0x00000001004d0c18 'org/apache/maven/lifecycle/mapping/DefaultLifecycleMapping$__sisu6'
Event: 30.478 Thread 0x0000029ffbbc6740 Unloading class 0x00000001004d09d0 'org/apache/maven/lifecycle/mapping/DefaultLifecycleMapping$__sisu3'
Event: 30.478 Thread 0x0000029ffbbc6740 Unloading class 0x00000001004d0788 'org/apache/maven/lifecycle/mapping/DefaultLifecycleMapping$__sisu1'
Event: 30.478 Thread 0x0000029ffbbc6740 Unloading class 0x00000001004d04d8 'org/apache/maven/artifact/handler/DefaultArtifactHandler$__sisu9'
Event: 30.478 Thread 0x0000029ffbbc6740 Unloading class 0x00000001004d02b0 'org/apache/maven/lifecycle/Lifecycle$__sisu8'
Event: 30.478 Thread 0x0000029ffbbc6740 Unloading class 0x00000001004d0000 'org/apache/maven/artifact/handler/DefaultArtifactHandler$__sisu18'
Event: 30.478 Thread 0x0000029ffbbc6740 Unloading class 0x00000001004cc400 'org/apache/maven/lifecycle/mapping/DefaultLifecycleMapping$__sisu5'
Event: 30.478 Thread 0x0000029ffbbc6740 Unloading class 0x00000001004cccf8 'org/apache/maven/artifact/handler/DefaultArtifactHandler$__sisu14'
Event: 30.478 Thread 0x0000029ffbbc6740 Unloading class 0x00000001004ccab0 'org/apache/maven/lifecycle/mapping/DefaultLifecycleMapping$__sisu2'
Event: 30.478 Thread 0x0000029ffbbc6740 Unloading class 0x00000001004cc800 'org/apache/maven/artifact/handler/DefaultArtifactHandler$__sisu11'

Classes redefined (0 events):
No events

Internal exceptions (20 events):
Event: 10.407 Thread 0x0000029f95295ab0 Exception <a 'java/io/FileNotFoundException'{0x00000000eb36b4b0}> (0x00000000eb36b4b0) 
thrown [s\src\hotspot\share\prims\jni.cpp, line 516]
Event: 10.411 Thread 0x0000029f95295ab0 Exception <a 'java/io/FileNotFoundException'{0x00000000eb36c710}> (0x00000000eb36c710) 
thrown [s\src\hotspot\share\prims\jni.cpp, line 516]
Event: 10.423 Thread 0x0000029f95295ab0 Exception <a 'java/lang/NoSuchMethodError'{0x00000000eb4313f8}: 'java.lang.Object java.lang.invoke.DirectMethodHandle$Holder.newInvokeSpecial(java.lang.Object, java.lang.Object, java.lang.Object, int)'> (0x00000000eb4313f8) 
thrown [s\src\hotspot\share\interpreter\linkResolver.cpp, line 759]
Event: 10.425 Thread 0x0000029f95295ab0 Exception <a 'java/lang/NoSuchMethodError'{0x00000000eb435750}: 'java.lang.Object java.lang.invoke.DirectMethodHandle$Holder.invokeSpecial(java.lang.Object, java.lang.Object, java.lang.Object, java.lang.Object, int)'> (0x00000000eb435750) 
thrown [s\src\hotspot\share\interpreter\linkResolver.cpp, line 759]
Event: 10.428 Thread 0x0000029f95295ab0 Exception <a 'java/lang/NoSuchMethodError'{0x00000000eb438e58}: 'java.lang.Object java.lang.invoke.Invokers$Holder.linkToTargetMethod(java.lang.Object, java.lang.Object, int, java.lang.Object)'> (0x00000000eb438e58) 
thrown [s\src\hotspot\share\interpreter\linkResolver.cpp, line 759]
Event: 10.441 Thread 0x0000029f95295ab0 Exception <a 'java/lang/NoSuchMethodError'{0x00000000eb4d3e88}: 'void java.lang.invoke.DirectMethodHandle$Holder.invokeStaticInit(java.lang.Object, java.lang.Object, java.lang.Object)'> (0x00000000eb4d3e88) 
thrown [s\src\hotspot\share\interpreter\linkResolver.cpp, line 759]
Event: 12.113 Thread 0x0000029f95298d50 Exception <a 'java/lang/ExceptionInInitializerError'{0x00000000eae11820}> (0x00000000eae11820) 
thrown [s\src\hotspot\share\oops\instanceKlass.cpp, line 1218]
Event: 12.229 Thread 0x0000029f95294b80 Exception <a 'java/io/FileNotFoundException'{0x00000000eb018e20}> (0x00000000eb018e20) 
thrown [s\src\hotspot\share\prims\jni.cpp, line 516]
Event: 12.230 Thread 0x0000029f95294b80 Exception <a 'java/io/FileNotFoundException'{0x00000000eb019e10}> (0x00000000eb019e10) 
thrown [s\src\hotspot\share\prims\jni.cpp, line 516]
Event: 12.262 Thread 0x0000029f95298d50 Implicit null exception at 0x0000029f87bf61af to 0x0000029f87bf633c
Event: 12.262 Thread 0x0000029f95298d50 Implicit null exception at 0x0000029f87b63f89 to 0x0000029f87b65314
Event: 12.266 Thread 0x0000029f95298d50 Exception <a 'java/lang/NoSuchMethodError'{0x00000000eafdacd0}: 'java.lang.Object java.lang.invoke.Invokers$Holder.invokeExact_MT(java.lang.Object, int, java.lang.Object)'> (0x00000000eafdacd0) 
thrown [s\src\hotspot\share\interpreter\linkResolver.cpp, line 759]
Event: 12.281 Thread 0x0000029f95294b80 Exception <a 'java/io/FileNotFoundException'{0x00000000eb01ab60}> (0x00000000eb01ab60) 
thrown [s\src\hotspot\share\prims\jni.cpp, line 516]
Event: 13.640 Thread 0x0000029f95298d50 Exception <a 'java/lang/NoClassDefFoundError'{0x00000000eabe11e0}: com/google/inject/servlet/ServletModuleTargetVisitor> (0x00000000eabe11e0) 
thrown [s\src\hotspot\share\classfile\systemDictionary.cpp, line 245]
Event: 14.730 Thread 0x0000029f95295090 Exception <a 'java/lang/NoSuchMethodError'{0x00000000eb5e60d0}: 'void java.lang.invoke.DirectMethodHandle$Holder.invokeInterface(java.lang.Object, java.lang.Object)'> (0x00000000eb5e60d0) 
thrown [s\src\hotspot\share\interpreter\linkResolver.cpp, line 759]
Event: 16.882 Thread 0x0000029f95295090 Exception <a 'sun/nio/fs/WindowsException'{0x00000000eac51cc8}> (0x00000000eac51cc8) 
thrown [s\src\hotspot\share\prims\jni.cpp, line 516]
Event: 16.882 Thread 0x0000029f95295090 Exception <a 'sun/nio/fs/WindowsException'{0x00000000eac52320}> (0x00000000eac52320) 
thrown [s\src\hotspot\share\prims\jni.cpp, line 516]
Event: 24.158 Thread 0x0000029f95295ab0 Implicit null exception at 0x0000029f87afe6ac to 0x0000029f87afe79c
Event: 26.751 Thread 0x0000029f95295ab0 Implicit null exception at 0x0000029f87e461f9 to 0x0000029f87e47664
Event: 28.282 Thread 0x0000029f95295ab0 Implicit null exception at 0x0000029f87e7b67c to 0x0000029f87e8097c

VM Operations (20 events):
Event: 30.434 Executing VM operation: ParallelGCFailedAllocation
Event: 30.663 Executing VM operation: ParallelGCFailedAllocation done
Event: 31.091 Executing VM operation: ParallelGCFailedAllocation
Event: 31.094 Executing VM operation: ParallelGCFailedAllocation done
Event: 31.214 Executing VM operation: ParallelGCFailedAllocation
Event: 31.219 Executing VM operation: ParallelGCFailedAllocation done
Event: 31.429 Executing VM operation: ParallelGCFailedAllocation
Event: 31.434 Executing VM operation: ParallelGCFailedAllocation done
Event: 31.540 Executing VM operation: ParallelGCFailedAllocation
Event: 31.545 Executing VM operation: ParallelGCFailedAllocation done
Event: 32.064 Executing VM operation: ParallelGCFailedAllocation
Event: 32.069 Executing VM operation: ParallelGCFailedAllocation done
Event: 33.048 Executing VM operation: ParallelGCFailedAllocation
Event: 33.056 Executing VM operation: ParallelGCFailedAllocation done
Event: 33.185 Executing VM operation: ParallelGCFailedAllocation
Event: 33.191 Executing VM operation: ParallelGCFailedAllocation done
Event: 33.262 Executing VM operation: ParallelGCFailedAllocation
Event: 33.267 Executing VM operation: ParallelGCFailedAllocation done
Event: 33.472 Executing VM operation: ParallelGCFailedAllocation
Event: 33.477 Executing VM operation: ParallelGCFailedAllocation done

Memory protections (0 events):
No events

Nmethod flushes (20 events):
Event: 13.159 Thread 0x0000029ffbc22200 flushing  nmethod 0x0000029f809d2110
Event: 13.159 Thread 0x0000029ffbc22200 flushing  nmethod 0x0000029f809d4c10
Event: 13.159 Thread 0x0000029ffbc22200 flushing  nmethod 0x0000029f809e7990
Event: 13.159 Thread 0x0000029ffbc22200 flushing  nmethod 0x0000029f809e8510
Event: 13.159 Thread 0x0000029ffbc22200 flushing  nmethod 0x0000029f809e9990
Event: 13.159 Thread 0x0000029ffbc22200 flushing  nmethod 0x0000029f80a05d10
Event: 13.159 Thread 0x0000029ffbc22200 flushing  nmethod 0x0000029f80a22790
Event: 13.159 Thread 0x0000029ffbc22200 flushing  nmethod 0x0000029f80a24010
Event: 13.159 Thread 0x0000029ffbc22200 flushing  nmethod 0x0000029f80a24690
Event: 13.159 Thread 0x0000029ffbc22200 flushing  nmethod 0x0000029f80a28d10
Event: 13.159 Thread 0x0000029ffbc22200 flushing  nmethod 0x0000029f80a34f90
Event: 13.160 Thread 0x0000029ffbc22200 flushing  nmethod 0x0000029f80ab6910
Event: 13.160 Thread 0x0000029ffbc22200 flushing  nmethod 0x0000029f80ab7310
Event: 13.160 Thread 0x0000029ffbc22200 flushing  nmethod 0x0000029f80ac1510
Event: 13.160 Thread 0x0000029ffbc22200 flushing  nmethod 0x0000029f80acaa90
Event: 13.160 Thread 0x0000029ffbc22200 flushing  nmethod 0x0000029f80b08790
Event: 13.160 Thread 0x0000029ffbc22200 flushing  nmethod 0x0000029f80b11a10
Event: 28.285 Thread 0x0000029ffbc22200 flushing  nmethod 0x0000029f800b7b90
Event: 28.288 Thread 0x0000029ffbc22200 flushing  nmethod 0x0000029f8031a990
Event: 28.297 Thread 0x0000029ffbc22200 flushing  nmethod 0x0000029f80b54e10

Events (20 events):
Event: 5.789 Thread 0x0000029f951d25a0 Thread exited: 0x0000029f951d25a0
Event: 6.705 Thread 0x0000029ffbc039b0 Thread added: 0x0000029f952964d0
Event: 6.759 Thread 0x0000029ffbc039b0 Thread added: 0x0000029f95298d50
Event: 6.803 Thread 0x0000029ffbc039b0 Thread added: 0x0000029f95298330
Event: 7.609 Thread 0x0000029ffbc11170 Thread added: 0x0000029f9487c9e0
Event: 7.754 Thread 0x0000029f9487c9e0 Thread exited: 0x0000029f9487c9e0
Event: 8.031 Thread 0x0000029ffbc11170 Thread added: 0x0000029f9620e2c0
Event: 8.257 Thread 0x0000029ffbc039b0 Thread added: 0x0000029f95295ab0
Event: 8.485 Thread 0x0000029f95298d50 Thread added: 0x0000029f95294b80
Event: 8.663 Thread 0x0000029f95294b80 Thread added: 0x0000029f952969e0
Event: 9.220 Thread 0x0000029ff4e1cd10 Thread added: 0x0000029f95296ef0
Event: 9.274 Thread 0x0000029ff4e1cd10 Thread added: 0x0000029f95295090
Event: 9.400 Thread 0x0000029f952969e0 Thread added: 0x0000029f952955a0
Event: 12.316 Thread 0x0000029f952955a0 Thread added: 0x0000029f95297400
Event: 13.318 Thread 0x0000029f9620e2c0 Thread exited: 0x0000029f9620e2c0
Event: 14.133 Thread 0x0000029ffbc11170 Thread added: 0x0000029f966de990
Event: 14.337 Thread 0x0000029ffbc034a0 Thread exited: 0x0000029ffbc034a0
Event: 14.704 Thread 0x0000029f95295090 Thread added: 0x0000029f95295fc0
Event: 17.995 Thread 0x0000029f966de990 Thread exited: 0x0000029f966de990
Event: 20.605 Thread 0x0000029f95295fc0 Thread exited: 0x0000029f95295fc0


Dynamic libraries:
0x00007ff6838d0000 - 0x00007ff6838de000 	c:\Users\dell\.vscode\extensions\redhat.java-1.38.0-win32-x64\jre\17.0.13-win32-x86_64\bin\java.exe
0x00007ffb28b50000 - 0x00007ffb28d48000 	C:\Windows\SYSTEM32\ntdll.dll
0x00007ffb28a40000 - 0x00007ffb28b02000 	C:\Windows\System32\KERNEL32.DLL
0x00007ffb261f0000 - 0x00007ffb264ee000 	C:\Windows\System32\KERNELBASE.dll
0x00007ffb26920000 - 0x00007ffb26a20000 	C:\Windows\System32\ucrtbase.dll
0x00007ffb12320000 - 0x00007ffb1233e000 	c:\Users\dell\.vscode\extensions\redhat.java-1.38.0-win32-x64\jre\17.0.13-win32-x86_64\bin\VCRUNTIME140.dll
0x00007ffb11ca0000 - 0x00007ffb11cb7000 	c:\Users\dell\.vscode\extensions\redhat.java-1.38.0-win32-x64\jre\17.0.13-win32-x86_64\bin\jli.dll
0x00007ffb28060000 - 0x00007ffb281fd000 	C:\Windows\System32\USER32.dll
0x00007ffb1c500000 - 0x00007ffb1c79a000 	C:\Windows\WinSxS\amd64_microsoft.windows.common-controls_6595b64144ccf1df_6.0.19041.4355_none_60b8b9eb71f62e16\COMCTL32.dll
0x00007ffb26a20000 - 0x00007ffb26a42000 	C:\Windows\System32\win32u.dll
0x00007ffb27ab0000 - 0x00007ffb27b4e000 	C:\Windows\System32\msvcrt.dll
0x00007ffb26bd0000 - 0x00007ffb26bfb000 	C:\Windows\System32\GDI32.dll
0x00007ffb26a50000 - 0x00007ffb26b67000 	C:\Windows\System32\gdi32full.dll
0x00007ffb267f0000 - 0x00007ffb2688d000 	C:\Windows\System32\msvcp_win.dll
0x00007ffb27870000 - 0x00007ffb2789f000 	C:\Windows\System32\IMM32.DLL
0x00007ffb1e9a0000 - 0x00007ffb1e9ac000 	c:\Users\dell\.vscode\extensions\redhat.java-1.38.0-win32-x64\jre\17.0.13-win32-x86_64\bin\vcruntime140_1.dll
0x00007ffafb330000 - 0x00007ffafb3bd000 	c:\Users\dell\.vscode\extensions\redhat.java-1.38.0-win32-x64\jre\17.0.13-win32-x86_64\bin\msvcp140.dll
0x00007ffae8380000 - 0x00007ffae8feb000 	c:\Users\dell\.vscode\extensions\redhat.java-1.38.0-win32-x64\jre\17.0.13-win32-x86_64\bin\server\jvm.dll
0x00007ffb279f0000 - 0x00007ffb27aa1000 	C:\Windows\System32\ADVAPI32.dll
0x00007ffb26e30000 - 0x00007ffb26ecf000 	C:\Windows\System32\sechost.dll
0x00007ffb27740000 - 0x00007ffb27863000 	C:\Windows\System32\RPCRT4.dll
0x00007ffb265b0000 - 0x00007ffb265d7000 	C:\Windows\System32\bcrypt.dll
0x00007ffb276d0000 - 0x00007ffb2773b000 	C:\Windows\System32\WS2_32.dll
0x00007ffb26050000 - 0x00007ffb2609b000 	C:\Windows\SYSTEM32\POWRPROF.dll
0x00007ffb1dfd0000 - 0x00007ffb1dff7000 	C:\Windows\SYSTEM32\WINMM.dll
0x00007ffb1c010000 - 0x00007ffb1c01a000 	C:\Windows\SYSTEM32\VERSION.dll
0x00007ffb26030000 - 0x00007ffb26042000 	C:\Windows\SYSTEM32\UMPDC.dll
0x00007ffb23f90000 - 0x00007ffb23fa2000 	C:\Windows\SYSTEM32\kernel.appcore.dll
0x00007ffb1d990000 - 0x00007ffb1d99a000 	c:\Users\dell\.vscode\extensions\redhat.java-1.38.0-win32-x64\jre\17.0.13-win32-x86_64\bin\jimage.dll
0x00007ffb20310000 - 0x00007ffb204f4000 	C:\Windows\SYSTEM32\DBGHELP.DLL
0x00007ffb20050000 - 0x00007ffb20084000 	C:\Windows\SYSTEM32\dbgcore.DLL
0x00007ffb26890000 - 0x00007ffb26912000 	C:\Windows\System32\bcryptPrimitives.dll
0x00007ffb1d970000 - 0x00007ffb1d97e000 	c:\Users\dell\.vscode\extensions\redhat.java-1.38.0-win32-x64\jre\17.0.13-win32-x86_64\bin\instrument.dll
0x00007ffb11c70000 - 0x00007ffb11c95000 	c:\Users\dell\.vscode\extensions\redhat.java-1.38.0-win32-x64\jre\17.0.13-win32-x86_64\bin\java.dll
0x00007ffb11c50000 - 0x00007ffb11c68000 	c:\Users\dell\.vscode\extensions\redhat.java-1.38.0-win32-x64\jre\17.0.13-win32-x86_64\bin\zip.dll
0x00007ffb282d0000 - 0x00007ffb28a3d000 	C:\Windows\System32\SHELL32.dll
0x00007ffb24270000 - 0x00007ffb24a14000 	C:\Windows\SYSTEM32\windows.storage.dll
0x00007ffb27b50000 - 0x00007ffb27ea3000 	C:\Windows\System32\combase.dll
0x00007ffb25b50000 - 0x00007ffb25b7e000 	C:\Windows\SYSTEM32\Wldp.dll
0x00007ffb28200000 - 0x00007ffb282cd000 	C:\Windows\System32\OLEAUT32.dll
0x00007ffb275a0000 - 0x00007ffb2764d000 	C:\Windows\System32\SHCORE.dll
0x00007ffb27340000 - 0x00007ffb27395000 	C:\Windows\System32\shlwapi.dll
0x00007ffb26120000 - 0x00007ffb26144000 	C:\Windows\SYSTEM32\profapi.dll
0x00007ffb101a0000 - 0x00007ffb101b9000 	C:\Users\dell\.vscode\extensions\redhat.java-1.38.0-win32-x64\jre\17.0.13-win32-x86_64\bin\net.dll
0x00007ffb1e610000 - 0x00007ffb1e71d000 	C:\Windows\SYSTEM32\WINHTTP.dll
0x00007ffb258b0000 - 0x00007ffb2591a000 	C:\Windows\system32\mswsock.dll
0x00007ffb0d100000 - 0x00007ffb0d116000 	C:\Users\dell\.vscode\extensions\redhat.java-1.38.0-win32-x64\jre\17.0.13-win32-x86_64\bin\nio.dll
0x00007ffb1c200000 - 0x00007ffb1c210000 	c:\Users\dell\.vscode\extensions\redhat.java-1.38.0-win32-x64\jre\17.0.13-win32-x86_64\bin\verify.dll
0x00007ffb03bd0000 - 0x00007ffb03c15000 	C:\Users\dell\AppData\Roaming\Code\User\globalStorage\redhat.java\1.38.0\config_win\org.eclipse.equinox.launcher\org.eclipse.equinox.launcher.win32.win32.x86_64_1.2.1100.v20240722-2106\eclipse_11904.dll
0x00007ffb26ca0000 - 0x00007ffb26dcb000 	C:\Windows\System32\ole32.dll
0x00007ffb25ab0000 - 0x00007ffb25ac8000 	C:\Windows\SYSTEM32\CRYPTSP.dll
0x00007ffb251d0000 - 0x00007ffb25204000 	C:\Windows\system32\rsaenh.dll
0x00007ffb260e0000 - 0x00007ffb2610e000 	C:\Windows\SYSTEM32\USERENV.dll
0x00007ffb25aa0000 - 0x00007ffb25aac000 	C:\Windows\SYSTEM32\CRYPTBASE.dll
0x00007ffb25590000 - 0x00007ffb255cb000 	C:\Windows\SYSTEM32\IPHLPAPI.DLL
0x00007ffb26c90000 - 0x00007ffb26c98000 	C:\Windows\System32\NSI.dll
0x00007ffb1f6f0000 - 0x00007ffb1f707000 	C:\Windows\SYSTEM32\dhcpcsvc6.DLL
0x00007ffb20030000 - 0x00007ffb2004d000 	C:\Windows\SYSTEM32\dhcpcsvc.DLL
0x00007ffb255d0000 - 0x00007ffb2569a000 	C:\Windows\SYSTEM32\DNSAPI.dll
0x00007ffb04830000 - 0x00007ffb04879000 	C:\Users\dell\AppData\Local\Temp\jna-3079617\jna8777783239296891245.dll
0x00007ffb27960000 - 0x00007ffb27968000 	C:\Windows\System32\PSAPI.DLL

dbghelp: loaded successfully - version: 4.0.5 - missing functions: none
symbol engine: initialized successfully - sym options: 0x614 - pdb path: .;c:\Users\dell\.vscode\extensions\redhat.java-1.38.0-win32-x64\jre\17.0.13-win32-x86_64\bin;C:\Windows\SYSTEM32;C:\Windows\WinSxS\amd64_microsoft.windows.common-controls_6595b64144ccf1df_6.0.19041.4355_none_60b8b9eb71f62e16;c:\Users\dell\.vscode\extensions\redhat.java-1.38.0-win32-x64\jre\17.0.13-win32-x86_64\bin\server;C:\Users\dell\AppData\Roaming\Code\User\globalStorage\redhat.java\1.38.0\config_win\org.eclipse.equinox.launcher\org.eclipse.equinox.launcher.win32.win32.x86_64_1.2.1100.v20240722-2106;C:\Users\dell\AppData\Local\Temp\jna-3079617

VM Arguments:
jvm_args: --add-modules=ALL-SYSTEM --add-opens=java.base/java.util=ALL-UNNAMED --add-opens=java.base/java.lang=ALL-UNNAMED --add-opens=java.base/sun.nio.fs=ALL-UNNAMED -Declipse.application=org.eclipse.jdt.ls.core.id1 -Dosgi.bundles.defaultStartLevel=4 -Declipse.product=org.eclipse.jdt.ls.core.product -Djava.import.generatesMetadataFilesAtProjectRoot=false -DDetectVMInstallationsJob.disabled=true -Dfile.encoding=utf8 -XX:+UseParallelGC -XX:GCTimeRatio=4 -XX:AdaptiveSizePolicyWeight=90 -Dsun.zip.disableMemoryMapping=true -Xmx1G -Xms100m -Xlog:disable -javaagent:c:\Users\dell\.vscode\extensions\redhat.java-1.38.0-win32-x64\lombok\lombok-1.18.34.jar -XX:+HeapDumpOnOutOfMemoryError -XX:HeapDumpPath=c:\Users\dell\AppData\Roaming\Code\User\workspaceStorage\7a6381c1c0162acdf3894416cf2cf910\redhat.java -Daether.dependencyCollector.impl=bf 
java_command: c:\Users\dell\.vscode\extensions\redhat.java-1.38.0-win32-x64\server\plugins\org.eclipse.equinox.launcher_1.6.900.v20240613-2009.jar -configuration c:\Users\dell\AppData\Roaming\Code\User\globalStorage\redhat.java\1.38.0\config_win -data c:\Users\dell\AppData\Roaming\Code\User\workspaceStorage\7a6381c1c0162acdf3894416cf2cf910\redhat.java\jdt_ws --pipe=\\.\pipe\lsp-6bca2d5a076deb2d623026ba7f5e5335-sock
java_class_path (initial): c:\Users\dell\.vscode\extensions\redhat.java-1.38.0-win32-x64\server\plugins\org.eclipse.equinox.launcher_1.6.900.v20240613-2009.jar
Launcher Type: SUN_STANDARD

[Global flags]
    uintx AdaptiveSizePolicyWeight                 = 90                                        {product} {command line}
     intx CICompilerCount                          = 3                                         {product} {ergonomic}
    uintx GCTimeRatio                              = 4                                         {product} {command line}
     bool HeapDumpOnOutOfMemoryError               = true                                   {manageable} {command line}
    ccstr HeapDumpPath                             = c:\Users\dell\AppData\Roaming\Code\User\workspaceStorage\7a6381c1c0162acdf3894416cf2cf910\redhat.java         {manageable} {command line}
   size_t InitialHeapSize                          = 104857600                                 {product} {command line}
   size_t MaxHeapSize                              = 1073741824                                {product} {command line}
   size_t MaxNewSize                               = 357564416                                 {product} {ergonomic}
   size_t MinHeapDeltaBytes                        = 524288                                    {product} {ergonomic}
   size_t MinHeapSize                              = 104857600                                 {product} {command line}
   size_t NewSize                                  = 34603008                                  {product} {ergonomic}
    uintx NonNMethodCodeHeapSize                   = 5832780                                {pd product} {ergonomic}
    uintx NonProfiledCodeHeapSize                  = 122912730                              {pd product} {ergonomic}
   size_t OldSize                                  = 70254592                                  {product} {ergonomic}
    uintx ProfiledCodeHeapSize                     = 122912730                              {pd product} {ergonomic}
    uintx ReservedCodeCacheSize                    = 251658240                              {pd product} {ergonomic}
     bool SegmentedCodeCache                       = true                                      {product} {ergonomic}
   size_t SoftMaxHeapSize                          = 1073741824                             {manageable} {ergonomic}
     bool UseCompressedClassPointers               = true                           {product lp64_product} {ergonomic}
     bool UseCompressedOops                        = true                           {product lp64_product} {ergonomic}
     bool UseLargePagesIndividualAllocation        = false                                  {pd product} {ergonomic}
     bool UseParallelGC                            = true                                      {product} {command line}

Logging:
Log output configuration:
 #0: stdout all=off uptime,level,tags
 #1: stderr all=off uptime,level,tags

Environment Variables:
PATH=C:\Program Files\Java\jdk-21\bin;C:\Program Files\dotnet\;C:\Users\dell\AppData\Local\Programs\Microsoft VS Code\bin
USERNAME=dell
OS=Windows_NT
PROCESSOR_IDENTIFIER=Intel64 Family 6 Model 61 Stepping 4, GenuineIntel
TMP=C:\Users\dell\AppData\Local\Temp
TEMP=C:\Users\dell\AppData\Local\Temp



Periodic native trim disabled


---------------  S Y S T E M  ---------------

OS:
 Windows 10 , 64 bit Build 19041 (10.0.19041.5198)
OS uptime: 7 days 2:25 hours

CPU: total 4 (initial active 4) (2 cores per cpu, 2 threads per core) family 6 model 61 stepping 4 microcode 0x2f, cx8, cmov, fxsr, ht, mmx, 3dnowpref, sse, sse2, sse3, ssse3, sse4.1, sse4.2, popcnt, lzcnt, tsc, tscinvbit, avx, avx2, aes, erms, clmul, bmi1, bmi2, adx, fma, vzeroupper, clflush
Processor Information for all 4 processors :
  Max Mhz: 2000, Current Mhz: 2000, Mhz Limit: 2000

Memory: 4k page, system-wide physical 8103M (375M free)
TotalPageFile size 32679M (AvailPageFile size 0M)
current process WorkingSet (physical memory assigned to process): 284M, peak: 284M
current process commit charge ("private bytes"): 292M, peak: 308M

vm_info: OpenJDK 64-Bit Server VM (17.0.13+11) for windows-amd64 JRE (17.0.13+11), built on Oct 16 2024 00:10:08 by "admin" with MS VC++ 17.7 (VS2022)

END.
